<?xml version="1.0" encoding="UTF-8"?>
<robot generator="Robot 2.8.5 (Jython 2.5.3 on java1.7.0_51)" generated="20140903 12:49:14.375">
<suite source="C:\Users\Ian\Documents\GitHub\jsu-mcis-cs310-tictactoe\TicTacToe\acceptance\TicTacToeTests.txt" id="s1" name="TicTacToeTests">
<test id="s1-t1" name="Win Diagonally as X">
<kw type="kw" name="TicTacToeKeywords.Start New Game">
<doc></doc>
<arguments>
</arguments>
<status status="PASS" endtime="20140903 12:49:15.635" starttime="20140903 12:49:15.628"></status>
</kw>
<kw type="kw" name="Mark Location">
<doc></doc>
<arguments>
<arg>1</arg>
<arg>1</arg>
</arguments>
<msg timestamp="20140903 12:49:15.643" level="FAIL">No keyword with name 'Mark Location' found.</msg>
<status status="FAIL" endtime="20140903 12:49:15.644" starttime="20140903 12:49:15.639"></status>
</kw>
<doc></doc>
<tags>
</tags>
<status status="FAIL" critical="yes" endtime="20140903 12:49:15.648" starttime="20140903 12:49:15.618">No keyword with name 'Mark Location' found.</status>
</test>
<test id="s1-t2" name="Win Horizontally as O">
<kw type="kw" name="TicTacToeKeywords.Start New Game">
<doc></doc>
<arguments>
</arguments>
<status status="PASS" endtime="20140903 12:49:15.667" starttime="20140903 12:49:15.663"></status>
</kw>
<kw type="kw" name="Mark Location">
<doc></doc>
<arguments>
<arg>1</arg>
<arg>1</arg>
</arguments>
<msg timestamp="20140903 12:49:15.673" level="FAIL">No keyword with name 'Mark Location' found.</msg>
<status status="FAIL" endtime="20140903 12:49:15.674" starttime="20140903 12:49:15.670"></status>
</kw>
<doc></doc>
<tags>
</tags>
<status status="FAIL" critical="yes" endtime="20140903 12:49:15.677" starttime="20140903 12:49:15.653">No keyword with name 'Mark Location' found.</status>
</test>
<test id="s1-t3" name="Force a Tie">
<kw type="kw" name="TicTacToeKeywords.Start New Game">
<doc></doc>
<arguments>
</arguments>
<status status="PASS" endtime="20140903 12:49:15.696" starttime="20140903 12:49:15.691"></status>
</kw>
<kw type="kw" name="Mark Location">
<doc></doc>
<arguments>
<arg>1</arg>
<arg>1</arg>
</arguments>
<msg timestamp="20140903 12:49:15.702" level="FAIL">No keyword with name 'Mark Location' found.</msg>
<status status="FAIL" endtime="20140903 12:49:15.703" starttime="20140903 12:49:15.699"></status>
</kw>
<doc></doc>
<tags>
</tags>
<status status="FAIL" critical="yes" endtime="20140903 12:49:15.706" starttime="20140903 12:49:15.682">No keyword with name 'Mark Location' found.</status>
</test>
<doc></doc>
<metadata>
</metadata>
<status status="FAIL" endtime="20140903 12:49:15.714" starttime="20140903 12:49:14.388"></status>
</suite>
<statistics>
<total>
<stat pass="0" fail="3">Critical Tests</stat>
<stat pass="0" fail="3">All Tests</stat>
</total>
<tag>
</tag>
<suite>
<stat pass="0" id="s1" fail="3" name="TicTacToeTests">TicTacToeTests</stat>
</suite>
</statistics>
<errors>
</errors>
</robot>
